<?xml version="1.0" encoding="UTF-8"?>
<testng-results ignored="0" total="1" passed="1" failed="0" skipped="0">
  <reporter-output>
  </reporter-output>
  <suite started-at="2024-03-24T11:09:23 IST" name="Default suite" finished-at="2024-03-24T11:09:37 IST" duration-ms="14039">
    <groups>
    </groups>
    <test started-at="2024-03-24T11:09:23 IST" name="Default test" finished-at="2024-03-24T11:09:37 IST" duration-ms="14039">
      <class name="com.qa.cql.test.CQLTest">
        <test-method signature="init()[pri:0, instance:com.qa.cql.test.CQLTest@72a7c7e0]" started-at="2024-03-24T11:09:23 IST" name="init" finished-at="2024-03-24T11:09:37 IST" duration-ms="14006" status="PASS">
          <reporter-output>
          </reporter-output>
        </test-method> <!-- init -->
      </class> <!-- com.qa.cql.test.CQLTest -->
    </test> <!-- Default test -->
  </suite> <!-- Default suite -->
</testng-results>
